[debug] [2023-01-18T19:11:27.185Z] ----------------------------------------------------------------------
[debug] [2023-01-18T19:11:27.188Z] Command:       /Users/kong/.nvm/versions/node/v16.13.1/bin/node /Users/kong/.nvm/versions/node/v16.13.1/bin/firebase init functions
[debug] [2023-01-18T19:11:27.189Z] CLI Version:   11.20.0
[debug] [2023-01-18T19:11:27.189Z] Platform:      darwin
[debug] [2023-01-18T19:11:27.189Z] Node Version:  v16.13.1
[debug] [2023-01-18T19:11:27.201Z] Time:          Wed Jan 18 2023 19:11:27 GMT+0000 (Greenwich Mean Time)
[debug] [2023-01-18T19:11:27.202Z] ----------------------------------------------------------------------
[debug] 
[debug] [2023-01-18T19:11:27.271Z] > command requires scopes: ["email","openid","https://www.googleapis.com/auth/cloudplatformprojects.readonly","https://www.googleapis.com/auth/firebase","https://www.googleapis.com/auth/cloud-platform"]
[debug] [2023-01-18T19:11:27.271Z] > authorizing via signed-in user (xkong@xkong.asia)
[info] 
     ######## #### ########  ######## ########     ###     ######  ########
     ##        ##  ##     ## ##       ##     ##  ##   ##  ##       ##
     ######    ##  ########  ######   ########  #########  ######  ######
     ##        ##  ##    ##  ##       ##     ## ##     ##       ## ##
     ##       #### ##     ## ######## ########  ##     ##  ######  ########

You're about to initialize a Firebase project in this directory:

  /Users/kong/Desktop/react_introduction/urban_node

Before we get started, keep in mind:

  * You are initializing within an existing Firebase project directory

[info] 
=== Project Setup
[info] 
[info] First, let's associate this project directory with a Firebase project.
[info] You can create multiple project aliases by running firebase use --add, 
[info] but for now we'll just set up a default project.
[info] 
[debug] [2023-01-18T19:11:27.277Z] Using project from CLI flag: urban-computing-cb07c
[debug] [2023-01-18T19:11:27.281Z] >>> [apiv2][query] GET https://firebase.googleapis.com/v1beta1/projects/urban-computing-cb07c [none]
[debug] [2023-01-18T19:11:27.647Z] <<< [apiv2][status] GET https://firebase.googleapis.com/v1beta1/projects/urban-computing-cb07c 200
[debug] [2023-01-18T19:11:27.647Z] <<< [apiv2][body] GET https://firebase.googleapis.com/v1beta1/projects/urban-computing-cb07c {"projectId":"urban-computing-cb07c","projectNumber":"293478437107","displayName":"urban-computing-cb07c","name":"projects/urban-computing-cb07c","resources":{"hostingSite":"urban-computing-cb07c","realtimeDatabaseInstance":"urban-computing-cb07c-default-rtdb","storageBucket":"urban-computing-cb07c.appspot.com","locationId":"europe-central2"},"state":"ACTIVE","etag":"1_9c142a37-f90b-4fb6-b24a-45fcc711a26c"}
[info] i  Using project urban-computing-cb07c (urban-computing-cb07c) 
[info] 
=== Functions Setup
[debug] [2023-01-18T19:11:27.679Z] > command requires scopes: ["email","openid","https://www.googleapis.com/auth/cloudplatformprojects.readonly","https://www.googleapis.com/auth/firebase","https://www.googleapis.com/auth/cloud-platform"]
[debug] [2023-01-18T19:11:27.680Z] > authorizing via signed-in user (xkong@xkong.asia)
[debug] [2023-01-18T19:11:27.680Z] [iam] checking project urban-computing-cb07c for permissions ["firebase.projects.get"]
[debug] [2023-01-18T19:11:27.680Z] >>> [apiv2][query] POST https://cloudresourcemanager.googleapis.com/v1/projects/urban-computing-cb07c:testIamPermissions [none]
[debug] [2023-01-18T19:11:27.680Z] >>> [apiv2][(partial)header] POST https://cloudresourcemanager.googleapis.com/v1/projects/urban-computing-cb07c:testIamPermissions x-goog-quota-user=projects/urban-computing-cb07c
[debug] [2023-01-18T19:11:27.680Z] >>> [apiv2][body] POST https://cloudresourcemanager.googleapis.com/v1/projects/urban-computing-cb07c:testIamPermissions {"permissions":["firebase.projects.get"]}
[debug] [2023-01-18T19:11:28.382Z] <<< [apiv2][status] POST https://cloudresourcemanager.googleapis.com/v1/projects/urban-computing-cb07c:testIamPermissions 200
[debug] [2023-01-18T19:11:28.382Z] <<< [apiv2][body] POST https://cloudresourcemanager.googleapis.com/v1/projects/urban-computing-cb07c:testIamPermissions {"permissions":["firebase.projects.get"]}
[debug] [2023-01-18T19:11:28.383Z] >>> [apiv2][query] GET https://serviceusage.googleapis.com/v1/projects/urban-computing-cb07c/services/cloudfunctions.googleapis.com [none]
[debug] [2023-01-18T19:11:28.383Z] >>> [apiv2][(partial)header] GET https://serviceusage.googleapis.com/v1/projects/urban-computing-cb07c/services/cloudfunctions.googleapis.com x-goog-quota-user=projects/urban-computing-cb07c
[debug] [2023-01-18T19:11:28.384Z] >>> [apiv2][query] GET https://serviceusage.googleapis.com/v1/projects/urban-computing-cb07c/services/runtimeconfig.googleapis.com [none]
[debug] [2023-01-18T19:11:28.384Z] >>> [apiv2][(partial)header] GET https://serviceusage.googleapis.com/v1/projects/urban-computing-cb07c/services/runtimeconfig.googleapis.com x-goog-quota-user=projects/urban-computing-cb07c
[debug] [2023-01-18T19:11:29.327Z] <<< [apiv2][status] GET https://serviceusage.googleapis.com/v1/projects/urban-computing-cb07c/services/runtimeconfig.googleapis.com 200
[debug] [2023-01-18T19:11:29.327Z] <<< [apiv2][body] GET https://serviceusage.googleapis.com/v1/projects/urban-computing-cb07c/services/runtimeconfig.googleapis.com [omitted]
[debug] [2023-01-18T19:11:29.340Z] <<< [apiv2][status] GET https://serviceusage.googleapis.com/v1/projects/urban-computing-cb07c/services/cloudfunctions.googleapis.com 200
[debug] [2023-01-18T19:11:29.340Z] <<< [apiv2][body] GET https://serviceusage.googleapis.com/v1/projects/urban-computing-cb07c/services/cloudfunctions.googleapis.com [omitted]
[info] 
Detected existing codebase(s): default

